<?xml version="1.0" encoding="UTF-8"?>
<!-- Generated by org.testng.reporters.JUnitXMLReporter -->
<testsuite hostname="Soumyansh-PC" ignored="0" name="Run Cukes" tests="2" failures="1" timestamp="15 Jul 2018 12:24:26 GMT" time="144.559" errors="0">
  <testcase name="feature" time="72.001" classname="cucumber.api.testng.AbstractTestNGCucumberTests"/>
  <testcase name="feature" time="70.362" classname="cucumber.api.testng.AbstractTestNGCucumberTests">
    <failure type="cucumber.runtime.CucumberException" message="java.lang.AssertionError: expected [true] but found [false]">
      <![CDATA[cucumber.runtime.CucumberException: java.lang.AssertionError: expected [true] but found [false]at cucumber.api.testng.TestNGCucumberRunner.runCucumber(TestNGCucumberRunner.java:69)at cucumber.api.testng.AbstractTestNGCucumberTests.feature(AbstractTestNGCucumberTests.java:21)Caused by: java.lang.AssertionError: expected [true] but found [false]at steps.UsedCarSearchSteps.i_should_see_list_of_used_searched_cars(UsedCarSearchSteps.java:23)at âœ½.Then i should see list of used searched cars(UsedCarSearch.feature:19)... Removed 32 stack frames]]>
    </failure>
  </testcase> <!-- feature -->
</testsuite> <!-- Run Cukes -->
